  IrTracker.cpp
D:\TeleSonics\Instrumentation\irtracking\IrMarkerTracking\IrMarkerTracking\IrTracker.h(96,18): warning C4251: 'IrTracker::m_world_T_depth': class 'Eigen::Matrix<double,4,4,0,4,4>' needs to have dll-interface to be used by clients of class 'IrTracker'
D:\TeleSonics\Instrumentation\irtracking\IrMarkerTracking\Deps\Eigen3\include\eigen3\Eigen\src\Core\Matrix.h(503,1): message : see declaration of 'Eigen::Matrix<double,4,4,0,4,4>'
D:\TeleSonics\Instrumentation\irtracking\IrMarkerTracking\IrMarkerTracking\IrTracker.h(105,13): warning C4251: 'IrTracker::m_paramMutex': class 'std::mutex' needs to have dll-interface to be used by clients of class 'IrTracker'
C:\Program Files\Microsoft Visual Studio\2022\Community\VC\Tools\MSVC\14.37.32822\include\mutex(132,19): message : see declaration of 'std::mutex'
D:\TeleSonics\Instrumentation\irtracking\IrMarkerTracking\IrMarkerTracking\IrTracker.h(107,76): warning C4251: 'IrTracker::m_imagePointToCameraUnitPlane': class 'std::function<void (const std::array<double,2> &,std::array<double,2> &)>' needs to have dll-interface to be used by clients of class 'IrTracker'
D:\TeleSonics\Instrumentation\irtracking\IrMarkerTracking\IrMarkerTracking\IrTracker.h(74,32): message : see declaration of 'std::function<void (const std::array<double,2> &,std::array<double,2> &)>'
  PoseTracker.cpp
D:\TeleSonics\Instrumentation\irtracking\IrMarkerTracking\IrMarkerTracking\IrTracker.h(96,18): warning C4251: 'IrTracker::m_world_T_depth': class 'Eigen::Matrix<double,4,4,0,4,4>' needs to have dll-interface to be used by clients of class 'IrTracker'
D:\TeleSonics\Instrumentation\irtracking\IrMarkerTracking\Deps\Eigen3\include\eigen3\Eigen\src\Core\Matrix.h(503,1): message : see declaration of 'Eigen::Matrix<double,4,4,0,4,4>'
D:\TeleSonics\Instrumentation\irtracking\IrMarkerTracking\IrMarkerTracking\IrTracker.h(105,13): warning C4251: 'IrTracker::m_paramMutex': class 'std::mutex' needs to have dll-interface to be used by clients of class 'IrTracker'
C:\Program Files\Microsoft Visual Studio\2022\Community\VC\Tools\MSVC\14.37.32822\include\mutex(132,19): message : see declaration of 'std::mutex'
D:\TeleSonics\Instrumentation\irtracking\IrMarkerTracking\IrMarkerTracking\IrTracker.h(107,76): warning C4251: 'IrTracker::m_imagePointToCameraUnitPlane': class 'std::function<void (const std::array<double,2> &,std::array<double,2> &)>' needs to have dll-interface to be used by clients of class 'IrTracker'
D:\TeleSonics\Instrumentation\irtracking\IrMarkerTracking\IrMarkerTracking\IrTracker.h(74,32): message : see declaration of 'std::function<void (const std::array<double,2> &,std::array<double,2> &)>'
D:\TeleSonics\Instrumentation\irtracking\IrMarkerTracking\IrMarkerTracking\PoseTracker.h(30,29): warning C4251: 'PoseTracker::m_irTracker': class 'std::shared_ptr<IrTracker>' needs to have dll-interface to be used by clients of class 'PoseTracker'
D:\TeleSonics\Instrumentation\irtracking\IrMarkerTracking\IrMarkerTracking\PoseTracker.h(10,28): message : see declaration of 'std::shared_ptr<IrTracker>'
D:\TeleSonics\Instrumentation\irtracking\IrMarkerTracking\IrMarkerTracking\PoseTracker.h(33,24): warning C4251: 'PoseTracker::m_markerGeom': class 'std::vector<Eigen::Vector3d,std::allocator<Eigen::Vector3d>>' needs to have dll-interface to be used by clients of class 'PoseTracker'
D:\TeleSonics\Instrumentation\irtracking\IrMarkerTracking\IrMarkerTracking\IrTracker.h(25,8): message : see declaration of 'std::vector<Eigen::Vector3d,std::allocator<Eigen::Vector3d>>'
D:\TeleSonics\Instrumentation\irtracking\IrMarkerTracking\IrMarkerTracking\PoseTracker.h(34,11): warning C4251: 'PoseTracker::m_markerDiffs': class 'Eigen::Matrix<double,-1,-1,0,-1,-1>' needs to have dll-interface to be used by clients of class 'PoseTracker'
D:\TeleSonics\Instrumentation\irtracking\IrMarkerTracking\Deps\Eigen3\include\eigen3\Eigen\src\Core\Matrix.h(503,1): message : see declaration of 'Eigen::Matrix<double,-1,-1,0,-1,-1>'
D:\TeleSonics\Instrumentation\irtracking\IrMarkerTracking\IrMarkerTracking\PoseTracker.h(37,13): warning C4251: 'PoseTracker::m_poseMutex': class 'std::mutex' needs to have dll-interface to be used by clients of class 'PoseTracker'
C:\Program Files\Microsoft Visual Studio\2022\Community\VC\Tools\MSVC\14.37.32822\include\mutex(132,19): message : see declaration of 'std::mutex'
D:\TeleSonics\Instrumentation\irtracking\IrMarkerTracking\IrMarkerTracking\PoseTracker.h(38,13): warning C4251: 'PoseTracker::m_camMutex': class 'std::mutex' needs to have dll-interface to be used by clients of class 'PoseTracker'
C:\Program Files\Microsoft Visual Studio\2022\Community\VC\Tools\MSVC\14.37.32822\include\mutex(132,19): message : see declaration of 'std::mutex'
D:\TeleSonics\Instrumentation\irtracking\IrMarkerTracking\IrMarkerTracking\PoseTracker.h(41,13): warning C4251: 'PoseTracker::m_objectPose': class 'Eigen::Transform<double,3,1,0>' needs to have dll-interface to be used by clients of class 'PoseTracker'
D:\TeleSonics\Instrumentation\irtracking\IrMarkerTracking\Deps\Eigen3\include\eigen3\Eigen\src\Geometry\Transform.h(706,9): message : see declaration of 'Eigen::Transform<double,3,1,0>'
D:\TeleSonics\Instrumentation\irtracking\IrMarkerTracking\IrMarkerTracking\PoseTracker.h(44,86): warning C4251: 'PoseTracker::m_detectionQ': class 'moodycamel::ReaderWriterQueue<std::future<std::shared_ptr<IrTracker::IrDetection>>,512>' needs to have dll-interface to be used by clients of class 'PoseTracker'
D:\TeleSonics\Instrumentation\irtracking\IrMarkerTracking\IrMarkerTracking\PoseTracker.h(44,14): message : see declaration of 'moodycamel::ReaderWriterQueue<std::future<std::shared_ptr<IrTracker::IrDetection>>,512>'
D:\TeleSonics\Instrumentation\irtracking\IrMarkerTracking\IrMarkerTracking\PoseTracker.h(47,31): warning C4251: 'PoseTracker::m_detectionThread': class 'std::shared_ptr<std::thread>' needs to have dll-interface to be used by clients of class 'PoseTracker'
D:\TeleSonics\Instrumentation\irtracking\IrMarkerTracking\IrMarkerTracking\PoseTracker.h(47,7): message : see declaration of 'std::shared_ptr<std::thread>'
D:\TeleSonics\Instrumentation\irtracking\IrMarkerTracking\IrMarkerTracking\PoseTracker.h(50,20): warning C4251: 'PoseTracker::m_runDetectionThread': struct 'std::atomic<bool>' needs to have dll-interface to be used by clients of class 'PoseTracker'
C:\Program Files\Microsoft Visual Studio\2022\Community\VC\Tools\MSVC\14.37.32822\include\atomic(2761,33): message : see declaration of 'std::atomic<bool>'
D:\TeleSonics\Instrumentation\irtracking\IrMarkerTracking\IrMarkerTracking\PoseTracker.h(64,11): warning C4251: 'PoseTracker::m_cameraPositionOffset': class 'Eigen::Matrix<double,3,1,0,3,1>' needs to have dll-interface to be used by clients of class 'PoseTracker'
D:\TeleSonics\Instrumentation\irtracking\IrMarkerTracking\Deps\Eigen3\include\eigen3\Eigen\src\Core\Matrix.h(503,1): message : see declaration of 'Eigen::Matrix<double,3,1,0,3,1>'
D:\TeleSonics\Instrumentation\irtracking\IrMarkerTracking\IrMarkerTracking\PoseTracker.h(65,14): warning C4251: 'PoseTracker::m_cameraRotationOffset': class 'Eigen::Quaternion<double,0>' needs to have dll-interface to be used by clients of class 'PoseTracker'
D:\TeleSonics\Instrumentation\irtracking\IrMarkerTracking\Deps\Eigen3\include\eigen3\Eigen\src\Geometry\Quaternion.h(373,9): message : see declaration of 'Eigen::Quaternion<double,0>'
D:\TeleSonics\Instrumentation\irtracking\IrMarkerTracking\IrMarkerTracking\PoseTracker.h(68,24): warning C4251: 'PoseTracker::m_lastPoints': class 'std::vector<Eigen::Vector3d,std::allocator<Eigen::Vector3d>>' needs to have dll-interface to be used by clients of class 'PoseTracker'
D:\TeleSonics\Instrumentation\irtracking\IrMarkerTracking\IrMarkerTracking\IrTracker.h(25,8): message : see declaration of 'std::vector<Eigen::Vector3d,std::allocator<Eigen::Vector3d>>'
D:\TeleSonics\Instrumentation\irtracking\IrMarkerTracking\IrMarkerTracking\PoseTracker.h(74,14): warning C4251: 'PoseTracker::m_lastRot': class 'Eigen::Quaternion<double,0>' needs to have dll-interface to be used by clients of class 'PoseTracker'
D:\TeleSonics\Instrumentation\irtracking\IrMarkerTracking\Deps\Eigen3\include\eigen3\Eigen\src\Geometry\Quaternion.h(373,9): message : see declaration of 'Eigen::Quaternion<double,0>'
D:\TeleSonics\Instrumentation\irtracking\IrMarkerTracking\IrMarkerTracking\PoseTracker.h(75,11): warning C4251: 'PoseTracker::m_lastPos': class 'Eigen::Matrix<double,3,1,0,3,1>' needs to have dll-interface to be used by clients of class 'PoseTracker'
D:\TeleSonics\Instrumentation\irtracking\IrMarkerTracking\Deps\Eigen3\include\eigen3\Eigen\src\Core\Matrix.h(503,1): message : see declaration of 'Eigen::Matrix<double,3,1,0,3,1>'
D:\TeleSonics\Instrumentation\irtracking\IrMarkerTracking\IrMarkerTracking\PoseTracker.h(78,32): warning C4251: 'PoseTracker::m_perm3': class 'std::vector<std::vector<int,std::allocator<int>>,std::allocator<std::vector<int,std::allocator<int>>>>' needs to have dll-interface to be used by clients of class 'PoseTracker'
D:\TeleSonics\Instrumentation\irtracking\IrMarkerTracking\Deps\opencv\include\opencv2\features2d.hpp(1568,24): message : see declaration of 'std::vector<std::vector<int,std::allocator<int>>,std::allocator<std::vector<int,std::allocator<int>>>>'
D:\TeleSonics\Instrumentation\irtracking\IrMarkerTracking\IrMarkerTracking\PoseTracker.h(79,32): warning C4251: 'PoseTracker::m_perm4': class 'std::vector<std::vector<int,std::allocator<int>>,std::allocator<std::vector<int,std::allocator<int>>>>' needs to have dll-interface to be used by clients of class 'PoseTracker'
D:\TeleSonics\Instrumentation\irtracking\IrMarkerTracking\Deps\opencv\include\opencv2\features2d.hpp(1568,24): message : see declaration of 'std::vector<std::vector<int,std::allocator<int>>,std::allocator<std::vector<int,std::allocator<int>>>>'
D:\TeleSonics\Instrumentation\irtracking\IrMarkerTracking\IrMarkerTracking\PoseTracker.h(80,32): warning C4251: 'PoseTracker::m_perm5': class 'std::vector<std::vector<int,std::allocator<int>>,std::allocator<std::vector<int,std::allocator<int>>>>' needs to have dll-interface to be used by clients of class 'PoseTracker'
D:\TeleSonics\Instrumentation\irtracking\IrMarkerTracking\Deps\opencv\include\opencv2\features2d.hpp(1568,24): message : see declaration of 'std::vector<std::vector<int,std::allocator<int>>,std::allocator<std::vector<int,std::allocator<int>>>>'
     Creating library D:\TeleSonics\Instrumentation\irtracking\IrMarkerTracking\ARM\Release\IrMarkerTracking.lib and object D:\TeleSonics\Instrumentation\irtracking\IrMarkerTracking\ARM\Release\IrMarkerTracking.exp
  Generating code
  Finished generating code
  IrMarkerTracking.vcxproj -> D:\TeleSonics\Instrumentation\irtracking\IrMarkerTracking\ARM\Release\IrMarkerTracking.dll
