d:\telesonics\instrumentation\irtracking\irmarkertracking\irmarkertracking\x64\release\irmarkertracking.pch
d:\telesonics\instrumentation\irtracking\irmarkertracking\irmarkertracking\x64\release\vc143.pdb
d:\telesonics\instrumentation\irtracking\irmarkertracking\irmarkertracking\x64\release\pch.obj
d:\telesonics\instrumentation\irtracking\irmarkertracking\irmarkertracking\x64\release\posetracker.obj
d:\telesonics\instrumentation\irtracking\irmarkertracking\irmarkertracking\x64\release\irtracker.obj
d:\telesonics\instrumentation\irtracking\irmarkertracking\irmarkertracking\x64\release\dllmain.obj
d:\telesonics\instrumentation\irtracking\irmarkertracking\x64\release\irmarkertracking.lib
d:\telesonics\instrumentation\irtracking\irmarkertracking\x64\release\irmarkertracking.exp
d:\telesonics\instrumentation\irtracking\irmarkertracking\x64\release\irmarkertracking.dll
d:\telesonics\instrumentation\irtracking\irmarkertracking\irmarkertracking\x64\release\irmarkertracking.ipdb
d:\telesonics\instrumentation\irtracking\irmarkertracking\x64\release\irmarkertracking.pdb
d:\telesonics\instrumentation\irtracking\irmarkertracking\irmarkertracking\x64\release\irmarkertracking.iobj
d:\telesonics\instrumentation\irtracking\irmarkertracking\irmarkertracking\x64\release\irmarkertracking.tlog\cl.command.1.tlog
d:\telesonics\instrumentation\irtracking\irmarkertracking\irmarkertracking\x64\release\irmarkertracking.tlog\cl.items.tlog
d:\telesonics\instrumentation\irtracking\irmarkertracking\irmarkertracking\x64\release\irmarkertracking.tlog\cl.read.1.tlog
d:\telesonics\instrumentation\irtracking\irmarkertracking\irmarkertracking\x64\release\irmarkertracking.tlog\cl.write.1.tlog
d:\telesonics\instrumentation\irtracking\irmarkertracking\irmarkertracking\x64\release\irmarkertracking.tlog\link.command.1.tlog
d:\telesonics\instrumentation\irtracking\irmarkertracking\irmarkertracking\x64\release\irmarkertracking.tlog\link.read.1.tlog
d:\telesonics\instrumentation\irtracking\irmarkertracking\irmarkertracking\x64\release\irmarkertracking.tlog\link.write.1.tlog
d:\telesonics\instrumentation\irtracking\irmarkertracking\irmarkertracking\x64\release\irmarkertracking.tlog\link.write.2u.tlog
