d:\telesonics\instrumentation\irtracking\hl2markertracking\hl2markertracking\arm\release\pch.pch
d:\telesonics\instrumentation\irtracking\hl2markertracking\hl2markertracking\arm\release\vc143.pdb
d:\telesonics\instrumentation\irtracking\hl2markertracking\hl2markertracking\arm\release\pch.obj
d:\telesonics\instrumentation\irtracking\hl2markertracking\hl2markertracking\arm\release\timeconverter.obj
d:\telesonics\instrumentation\irtracking\hl2markertracking\hl2markertracking\arm\release\module.g.obj
d:\telesonics\instrumentation\irtracking\hl2markertracking\hl2markertracking\arm\release\markertracker.obj
d:\telesonics\instrumentation\irtracking\hl2markertracking\hl2markertracking\arm\release\hl2markertracking.vcxproj.assemblyreference.cache
d:\telesonics\instrumentation\irtracking\hl2markertracking\hl2markertracking\arm\release\hl2markertracking.vcxproj.mdmergeinputs.cache
d:\telesonics\instrumentation\irtracking\hl2markertracking\arm\release\hl2markertracking\hl2markertracking.winmd
d:\telesonics\instrumentation\irtracking\hl2markertracking\hl2markertracking\arm\release\hl2markertracking.vcxproj.cppwinrt_plat.cache
d:\telesonics\instrumentation\irtracking\hl2markertracking\hl2markertracking\arm\release\hl2markertracking.vcxproj.cppwinrt_comp.cache
d:\telesonics\instrumentation\irtracking\hl2markertracking\hl2markertracking\arm\release\priconfig.xml
d:\telesonics\instrumentation\irtracking\hl2markertracking\hl2markertracking\arm\release\priconfig.xml.intermediate
d:\telesonics\instrumentation\irtracking\hl2markertracking\hl2markertracking\arm\release\unfiltered.layout.resfiles
d:\telesonics\instrumentation\irtracking\hl2markertracking\hl2markertracking\arm\release\unfiltered.layout.resfiles.intermediate
d:\telesonics\instrumentation\irtracking\hl2markertracking\hl2markertracking\arm\release\filtered.layout.resfiles
d:\telesonics\instrumentation\irtracking\hl2markertracking\hl2markertracking\arm\release\filtered.layout.resfiles.intermediate
d:\telesonics\instrumentation\irtracking\hl2markertracking\hl2markertracking\arm\release\excluded.layout.resfiles
d:\telesonics\instrumentation\irtracking\hl2markertracking\hl2markertracking\arm\release\excluded.layout.resfiles.intermediate
d:\telesonics\instrumentation\irtracking\hl2markertracking\hl2markertracking\arm\release\resources.resfiles
d:\telesonics\instrumentation\irtracking\hl2markertracking\hl2markertracking\arm\release\resources.resfiles.intermediate
d:\telesonics\instrumentation\irtracking\hl2markertracking\hl2markertracking\arm\release\pri.resfiles
d:\telesonics\instrumentation\irtracking\hl2markertracking\hl2markertracking\arm\release\pri.resfiles.intermediate
d:\telesonics\instrumentation\irtracking\hl2markertracking\arm\release\hl2markertracking\hl2markertracking.pri
d:\telesonics\instrumentation\irtracking\hl2markertracking\hl2markertracking\arm\release\qualifiers.txt
d:\telesonics\instrumentation\irtracking\hl2markertracking\hl2markertracking\arm\release\qualifiers.txt.intermediate
d:\telesonics\instrumentation\irtracking\hl2markertracking\hl2markertracking\arm\release\multiplequalifiersperdimensionfound.txt
d:\telesonics\instrumentation\irtracking\hl2markertracking\arm\release\hl2markertracking\hl2markertracking.lib
d:\telesonics\instrumentation\irtracking\hl2markertracking\arm\release\hl2markertracking\hl2markertracking.exp
d:\telesonics\instrumentation\irtracking\hl2markertracking\arm\release\hl2markertracking\hl2markertracking.dll
d:\telesonics\instrumentation\irtracking\hl2markertracking\arm\release\hl2markertracking\hl2markertracking.pdb
d:\telesonics\instrumentation\irtracking\hl2markertracking\hl2markertracking\arm\release\hl2markertracking.iobj
d:\telesonics\instrumentation\irtracking\hl2markertracking\hl2markertracking\arm\release\unmerged\markertracker.winmd
d:\telesonics\instrumentation\irtracking\hl2markertracking\hl2markertracking\arm\release\hl2markertracking.vcxproj.cppwinrt_comp.rsp
d:\telesonics\instrumentation\irtracking\hl2markertracking\hl2markertracking\arm\release\hl2markertracking.vcxproj.cppwinrt_plat.rsp
d:\telesonics\instrumentation\irtracking\hl2markertracking\hl2markertracking\arm\release\hl2markertracking.vcxproj.mdmerge.rsp
d:\telesonics\instrumentation\irtracking\hl2markertracking\hl2markertracking\arm\release\hl2markertracking.vcxproj.midlrt.rsp
d:\telesonics\instrumentation\irtracking\hl2markertracking\hl2markertracking\arm\release\hl2marke.dfdba54d.tlog\cl.command.1.tlog
d:\telesonics\instrumentation\irtracking\hl2markertracking\hl2markertracking\arm\release\hl2marke.dfdba54d.tlog\cl.items.tlog
d:\telesonics\instrumentation\irtracking\hl2markertracking\hl2markertracking\arm\release\hl2marke.dfdba54d.tlog\cl.read.1.tlog
d:\telesonics\instrumentation\irtracking\hl2markertracking\hl2markertracking\arm\release\hl2marke.dfdba54d.tlog\cl.write.1.tlog
d:\telesonics\instrumentation\irtracking\hl2markertracking\hl2markertracking\arm\release\hl2marke.dfdba54d.tlog\hl2markertracking.read.1u.tlog
d:\telesonics\instrumentation\irtracking\hl2markertracking\hl2markertracking\arm\release\hl2marke.dfdba54d.tlog\hl2markertracking.write.1u.tlog
d:\telesonics\instrumentation\irtracking\hl2markertracking\hl2markertracking\arm\release\hl2marke.dfdba54d.tlog\link.command.1.tlog
d:\telesonics\instrumentation\irtracking\hl2markertracking\hl2markertracking\arm\release\hl2marke.dfdba54d.tlog\link.read.1.tlog
d:\telesonics\instrumentation\irtracking\hl2markertracking\hl2markertracking\arm\release\hl2marke.dfdba54d.tlog\link.write.1.tlog
d:\telesonics\instrumentation\irtracking\hl2markertracking\hl2markertracking\arm\release\hl2marke.dfdba54d.tlog\link.write.2u.tlog
d:\telesonics\instrumentation\irtracking\hl2markertracking\hl2markertracking\arm\release\hl2marke.dfdba54d.tlog\midl-midlrt.write.1.tlog
d:\telesonics\instrumentation\irtracking\hl2markertracking\hl2markertracking\arm\release\hl2marke.dfdba54d.tlog\midl.command.1.tlog
d:\telesonics\instrumentation\irtracking\hl2markertracking\hl2markertracking\arm\release\hl2marke.dfdba54d.tlog\midl.read.1.tlog
d:\telesonics\instrumentation\irtracking\hl2markertracking\hl2markertracking\generated files\markertracker.g.h
d:\telesonics\instrumentation\irtracking\hl2markertracking\hl2markertracking\generated files\markertracker.g.cpp
d:\telesonics\instrumentation\irtracking\hl2markertracking\hl2markertracking\generated files\module.g.cpp
