  main.cpp
D:\TeleSonics\Instrumentation\irtracking\IrMarkerTracking\IrMarkerTracking\IrTracker.h(119,20): warning C4251: 'IrTracker::m_device_T_depth': class 'Eigen::Transform<double,3,1,0>' needs to have dll-interface to be used by clients of class 'IrTracker'
D:\TeleSonics\Instrumentation\irtracking\Deps\Eigen3\include\eigen3\Eigen\src\Geometry\Transform.h(706,9): message : see declaration of 'Eigen::Transform<double,3,1,0>'
D:\TeleSonics\Instrumentation\irtracking\IrMarkerTracking\IrMarkerTracking\IrTracker.h(139,13): warning C4251: 'IrTracker::m_paramMutex': class 'std::mutex' needs to have dll-interface to be used by clients of class 'IrTracker'
C:\Program Files\Microsoft Visual Studio\2022\Community\VC\Tools\MSVC\14.37.32822\include\mutex(132,19): message : see declaration of 'std::mutex'
D:\TeleSonics\Instrumentation\irtracking\IrMarkerTracking\IrMarkerTracking\IrTracker.h(141,76): warning C4251: 'IrTracker::m_imagePointToCameraUnitPlane': class 'std::function<void (const std::array<double,2> &,std::array<double,2> &)>' needs to have dll-interface to be used by clients of class 'IrTracker'
D:\TeleSonics\Instrumentation\irtracking\IrMarkerTracking\IrMarkerTracking\IrTracker.h(82,32): message : see declaration of 'std::function<void (const std::array<double,2> &,std::array<double,2> &)>'
D:\TeleSonics\Instrumentation\irtracking\IrMarkerTracking\IrMarkerTracking\PoseTracker.h(63,29): warning C4251: 'PoseTracker::m_irTracker': class 'std::shared_ptr<IrTracker>' needs to have dll-interface to be used by clients of class 'PoseTracker'
D:\TeleSonics\Instrumentation\irtracking\IrMarkerTracking\IrMarkerTracking\PoseTracker.h(20,28): message : see declaration of 'std::shared_ptr<IrTracker>'
D:\TeleSonics\Instrumentation\irtracking\IrMarkerTracking\IrMarkerTracking\PoseTracker.h(66,24): warning C4251: 'PoseTracker::m_markerGeom': class 'std::vector<Eigen::Vector3d,std::allocator<Eigen::Vector3d>>' needs to have dll-interface to be used by clients of class 'PoseTracker'
D:\TeleSonics\Instrumentation\irtracking\IrMarkerTracking\IrMarkerTracking\IrTracker.h(30,8): message : see declaration of 'std::vector<Eigen::Vector3d,std::allocator<Eigen::Vector3d>>'
D:\TeleSonics\Instrumentation\irtracking\IrMarkerTracking\IrMarkerTracking\PoseTracker.h(67,11): warning C4251: 'PoseTracker::m_markerDiffs': class 'Eigen::Matrix<double,-1,-1,0,-1,-1>' needs to have dll-interface to be used by clients of class 'PoseTracker'
D:\TeleSonics\Instrumentation\irtracking\Deps\Eigen3\include\eigen3\Eigen\src\Core\Matrix.h(503,1): message : see declaration of 'Eigen::Matrix<double,-1,-1,0,-1,-1>'
D:\TeleSonics\Instrumentation\irtracking\IrMarkerTracking\IrMarkerTracking\PoseTracker.h(70,13): warning C4251: 'PoseTracker::m_poseMutex': class 'std::mutex' needs to have dll-interface to be used by clients of class 'PoseTracker'
C:\Program Files\Microsoft Visual Studio\2022\Community\VC\Tools\MSVC\14.37.32822\include\mutex(132,19): message : see declaration of 'std::mutex'
D:\TeleSonics\Instrumentation\irtracking\IrMarkerTracking\IrMarkerTracking\PoseTracker.h(71,13): warning C4251: 'PoseTracker::m_camMutex': class 'std::mutex' needs to have dll-interface to be used by clients of class 'PoseTracker'
C:\Program Files\Microsoft Visual Studio\2022\Community\VC\Tools\MSVC\14.37.32822\include\mutex(132,19): message : see declaration of 'std::mutex'
D:\TeleSonics\Instrumentation\irtracking\IrMarkerTracking\IrMarkerTracking\PoseTracker.h(75,9): warning C4251: 'PoseTracker::m_objectPose': struct 'PoseTracker::IRPose' needs to have dll-interface to be used by clients of class 'PoseTracker'
D:\TeleSonics\Instrumentation\irtracking\IrMarkerTracking\IrMarkerTracking\PoseTracker.h(10,9): message : see declaration of 'PoseTracker::IRPose'
D:\TeleSonics\Instrumentation\irtracking\IrMarkerTracking\IrMarkerTracking\PoseTracker.h(78,46): warning C4251: 'PoseTracker::m_detectionQ': class 'moodycamel::ReaderWriterQueue<PoseTracker::SensorPacket,512>' needs to have dll-interface to be used by clients of class 'PoseTracker'
D:\TeleSonics\Instrumentation\irtracking\IrMarkerTracking\IrMarkerTracking\PoseTracker.h(78,14): message : see declaration of 'moodycamel::ReaderWriterQueue<PoseTracker::SensorPacket,512>'
D:\TeleSonics\Instrumentation\irtracking\IrMarkerTracking\IrMarkerTracking\PoseTracker.h(81,31): warning C4251: 'PoseTracker::m_detectionThread': class 'std::shared_ptr<std::thread>' needs to have dll-interface to be used by clients of class 'PoseTracker'
D:\TeleSonics\Instrumentation\irtracking\IrMarkerTracking\IrMarkerTracking\PoseTracker.h(81,7): message : see declaration of 'std::shared_ptr<std::thread>'
D:\TeleSonics\Instrumentation\irtracking\IrMarkerTracking\IrMarkerTracking\PoseTracker.h(84,20): warning C4251: 'PoseTracker::m_runDetectionThread': struct 'std::atomic<bool>' needs to have dll-interface to be used by clients of class 'PoseTracker'
C:\Program Files\Microsoft Visual Studio\2022\Community\VC\Tools\MSVC\14.37.32822\include\atomic(2761,33): message : see declaration of 'std::atomic<bool>'
D:\TeleSonics\Instrumentation\irtracking\IrMarkerTracking\IrMarkerTracking\PoseTracker.h(90,20): warning C4251: 'PoseTracker::m_hasNewPose': struct 'std::atomic<bool>' needs to have dll-interface to be used by clients of class 'PoseTracker'
C:\Program Files\Microsoft Visual Studio\2022\Community\VC\Tools\MSVC\14.37.32822\include\atomic(2761,33): message : see declaration of 'std::atomic<bool>'
D:\TeleSonics\Instrumentation\irtracking\IrMarkerTracking\IrMarkerTracking\PoseTracker.h(103,24): warning C4251: 'PoseTracker::m_lastPoints': class 'std::vector<Eigen::Vector3d,std::allocator<Eigen::Vector3d>>' needs to have dll-interface to be used by clients of class 'PoseTracker'
D:\TeleSonics\Instrumentation\irtracking\IrMarkerTracking\IrMarkerTracking\IrTracker.h(30,8): message : see declaration of 'std::vector<Eigen::Vector3d,std::allocator<Eigen::Vector3d>>'
D:\TeleSonics\Instrumentation\irtracking\IrMarkerTracking\IrMarkerTracking\PoseTracker.h(112,14): warning C4251: 'PoseTracker::m_lastRot': class 'Eigen::Quaternion<double,0>' needs to have dll-interface to be used by clients of class 'PoseTracker'
D:\TeleSonics\Instrumentation\irtracking\Deps\Eigen3\include\eigen3\Eigen\src\Geometry\Quaternion.h(373,9): message : see declaration of 'Eigen::Quaternion<double,0>'
D:\TeleSonics\Instrumentation\irtracking\IrMarkerTracking\IrMarkerTracking\PoseTracker.h(113,11): warning C4251: 'PoseTracker::m_lastPos': class 'Eigen::Matrix<double,3,1,0,3,1>' needs to have dll-interface to be used by clients of class 'PoseTracker'
D:\TeleSonics\Instrumentation\irtracking\Deps\Eigen3\include\eigen3\Eigen\src\Core\Matrix.h(503,1): message : see declaration of 'Eigen::Matrix<double,3,1,0,3,1>'
D:\TeleSonics\Instrumentation\irtracking\IrMarkerTracking\IrMarkerTracking\PoseTracker.h(116,32): warning C4251: 'PoseTracker::m_perm3': class 'std::vector<std::vector<int,std::allocator<int>>,std::allocator<std::vector<int,std::allocator<int>>>>' needs to have dll-interface to be used by clients of class 'PoseTracker'
D:\TeleSonics\Instrumentation\irtracking\Deps\opencv\include\opencv2\features2d.hpp(1568,24): message : see declaration of 'std::vector<std::vector<int,std::allocator<int>>,std::allocator<std::vector<int,std::allocator<int>>>>'
D:\TeleSonics\Instrumentation\irtracking\IrMarkerTracking\IrMarkerTracking\PoseTracker.h(117,32): warning C4251: 'PoseTracker::m_perm4': class 'std::vector<std::vector<int,std::allocator<int>>,std::allocator<std::vector<int,std::allocator<int>>>>' needs to have dll-interface to be used by clients of class 'PoseTracker'
D:\TeleSonics\Instrumentation\irtracking\Deps\opencv\include\opencv2\features2d.hpp(1568,24): message : see declaration of 'std::vector<std::vector<int,std::allocator<int>>,std::allocator<std::vector<int,std::allocator<int>>>>'
D:\TeleSonics\Instrumentation\irtracking\IrMarkerTracking\IrMarkerTracking\PoseTracker.h(118,32): warning C4251: 'PoseTracker::m_perm5': class 'std::vector<std::vector<int,std::allocator<int>>,std::allocator<std::vector<int,std::allocator<int>>>>' needs to have dll-interface to be used by clients of class 'PoseTracker'
D:\TeleSonics\Instrumentation\irtracking\Deps\opencv\include\opencv2\features2d.hpp(1568,24): message : see declaration of 'std::vector<std::vector<int,std::allocator<int>>,std::allocator<std::vector<int,std::allocator<int>>>>'
D:\TeleSonics\Instrumentation\irtracking\IrDemo\IrDemo\main.cpp(11,11): warning C4267: 'initializing': conversion from 'size_t' to 'int', possible loss of data
D:\TeleSonics\Instrumentation\irtracking\IrDemo\IrDemo\main.cpp(59,20): warning C4244: 'argument': conversion from 'const _Ty' to 'const unsigned __int64', possible loss of data
          with
          [
              _Ty=double
          ]
D:\TeleSonics\Instrumentation\irtracking\IrDemo\IrDemo\main.cpp(59,27): warning C4244: 'argument': conversion from 'const _Ty' to 'const unsigned __int64', possible loss of data
          with
          [
              _Ty=double
          ]
D:\TeleSonics\Instrumentation\irtracking\IrDemo\IrDemo\main.cpp(60,20): warning C4244: 'argument': conversion from 'const _Ty' to 'const unsigned __int64', possible loss of data
          with
          [
              _Ty=double
          ]
D:\TeleSonics\Instrumentation\irtracking\IrDemo\IrDemo\main.cpp(60,27): warning C4244: 'argument': conversion from 'const _Ty' to 'const unsigned __int64', possible loss of data
          with
          [
              _Ty=double
          ]
D:\TeleSonics\Instrumentation\irtracking\IrDemo\IrDemo\main.cpp(71,37): warning C4305: 'argument': truncation from 'double' to 'const float'
D:\TeleSonics\Instrumentation\irtracking\IrDemo\IrDemo\main.cpp(88,36): warning C4244: '=': conversion from 'double' to '_Ty', possible loss of data
          with
          [
              _Ty=uint16_t
          ]
D:\TeleSonics\Instrumentation\irtracking\IrDemo\IrDemo\main.cpp(89,42): warning C4244: '=': conversion from 'double' to '_Ty', possible loss of data
          with
          [
              _Ty=uint16_t
          ]
  IrDemo.vcxproj -> D:\TeleSonics\Instrumentation\irtracking\IrDemo\x64\Debug\IrDemo.exe
