  pch.cpp
  IrMarkerTracking.cpp
  PoseTracker.cpp
  dllmain.cpp
D:\TeleSonics\Instrumentation\irtracking\IrMarkerTrackingUwp\IrMarkerTracking\IrMarkerTracking\IrMarkerTracking.h(4,1): warning C4005: 'WINAPI_FAMILY': macro redefinition (compiling source file PoseTracker.cpp)
D:\TeleSonics\Instrumentation\irtracking\IrMarkerTrackingUwp\IrMarkerTracking\IrMarkerTracking\IrMarkerTracking.h(4,1): message : 'WINAPI_FAMILY' previously declared on the command line (compiling source file PoseTracker.cpp)
D:\TeleSonics\Instrumentation\irtracking\IrMarkerTrackingUwp\IrMarkerTracking\IrMarkerTracking\IrMarkerTracking.h(4,1): warning C4005: 'WINAPI_FAMILY': macro redefinition (compiling source file IrMarkerTracking.cpp)
D:\TeleSonics\Instrumentation\irtracking\IrMarkerTrackingUwp\IrMarkerTracking\IrMarkerTracking\IrMarkerTracking.h(4,1): message : 'WINAPI_FAMILY' previously declared on the command line (compiling source file IrMarkerTracking.cpp)
D:\TeleSonics\Instrumentation\irtracking\IrMarkerTrackingUwp\IrMarkerTracking\IrMarkerTracking\IrMarkerTracking.h(114,20): warning C4251: 'IrTracker::m_device_T_depth': class 'Eigen::Transform<double,3,1,0>' needs to have dll-interface to be used by clients of class 'IrTracker' (compiling source file IrMarkerTracking.cpp)
D:\TeleSonics\Instrumentation\irtracking\Deps\Eigen3\include\eigen3\Eigen\src\Geometry\Transform.h(706,9): message : see declaration of 'Eigen::Transform<double,3,1,0>' (compiling source file IrMarkerTracking.cpp)
D:\TeleSonics\Instrumentation\irtracking\IrMarkerTrackingUwp\IrMarkerTracking\IrMarkerTracking\IrMarkerTracking.h(114,20): warning C4251: 'IrTracker::m_device_T_depth': class 'Eigen::Transform<double,3,1,0>' needs to have dll-interface to be used by clients of class 'IrTracker' (compiling source file PoseTracker.cpp)
D:\TeleSonics\Instrumentation\irtracking\Deps\Eigen3\include\eigen3\Eigen\src\Geometry\Transform.h(706,9): message : see declaration of 'Eigen::Transform<double,3,1,0>' (compiling source file PoseTracker.cpp)
D:\TeleSonics\Instrumentation\irtracking\IrMarkerTrackingUwp\IrMarkerTracking\IrMarkerTracking\IrMarkerTracking.h(134,13): warning C4251: 'IrTracker::m_paramMutex': class 'std::mutex' needs to have dll-interface to be used by clients of class 'IrTracker' (compiling source file IrMarkerTracking.cpp)
C:\Program Files\Microsoft Visual Studio\2022\Community\VC\Tools\MSVC\14.37.32822\include\mutex(132,19): message : see declaration of 'std::mutex' (compiling source file IrMarkerTracking.cpp)
D:\TeleSonics\Instrumentation\irtracking\IrMarkerTrackingUwp\IrMarkerTracking\IrMarkerTracking\IrMarkerTracking.h(134,13): warning C4251: 'IrTracker::m_paramMutex': class 'std::mutex' needs to have dll-interface to be used by clients of class 'IrTracker' (compiling source file PoseTracker.cpp)
C:\Program Files\Microsoft Visual Studio\2022\Community\VC\Tools\MSVC\14.37.32822\include\mutex(132,19): message : see declaration of 'std::mutex' (compiling source file PoseTracker.cpp)
D:\TeleSonics\Instrumentation\irtracking\IrMarkerTrackingUwp\IrMarkerTracking\IrMarkerTracking\IrMarkerTracking.h(136,76): warning C4251: 'IrTracker::m_imagePointToCameraUnitPlane': class 'std::function<void (const std::array<double,2> &,std::array<double,2> &)>' needs to have dll-interface to be used by clients of class 'IrTracker' (compiling source file IrMarkerTracking.cpp)
D:\TeleSonics\Instrumentation\irtracking\IrMarkerTrackingUwp\IrMarkerTracking\IrMarkerTracking\IrMarkerTracking.h(77,32): message : see declaration of 'std::function<void (const std::array<double,2> &,std::array<double,2> &)>' (compiling source file IrMarkerTracking.cpp)
D:\TeleSonics\Instrumentation\irtracking\IrMarkerTrackingUwp\IrMarkerTracking\IrMarkerTracking\IrMarkerTracking.h(136,76): warning C4251: 'IrTracker::m_imagePointToCameraUnitPlane': class 'std::function<void (const std::array<double,2> &,std::array<double,2> &)>' needs to have dll-interface to be used by clients of class 'IrTracker' (compiling source file PoseTracker.cpp)
D:\TeleSonics\Instrumentation\irtracking\IrMarkerTrackingUwp\IrMarkerTracking\IrMarkerTracking\IrMarkerTracking.h(77,32): message : see declaration of 'std::function<void (const std::array<double,2> &,std::array<double,2> &)>' (compiling source file PoseTracker.cpp)
D:\TeleSonics\Instrumentation\irtracking\IrMarkerTrackingUwp\IrMarkerTracking\IrMarkerTracking\PoseTracker.h(63,29): warning C4251: 'PoseTracker::m_irTracker': class 'std::shared_ptr<IrTracker>' needs to have dll-interface to be used by clients of class 'PoseTracker' (compiling source file PoseTracker.cpp)
D:\TeleSonics\Instrumentation\irtracking\IrMarkerTrackingUwp\IrMarkerTracking\IrMarkerTracking\PoseTracker.h(20,28): message : see declaration of 'std::shared_ptr<IrTracker>' (compiling source file PoseTracker.cpp)
D:\TeleSonics\Instrumentation\irtracking\IrMarkerTrackingUwp\IrMarkerTracking\IrMarkerTracking\PoseTracker.h(66,24): warning C4251: 'PoseTracker::m_markerGeom': class 'std::vector<Eigen::Vector3d,std::allocator<Eigen::Vector3d>>' needs to have dll-interface to be used by clients of class 'PoseTracker' (compiling source file PoseTracker.cpp)
D:\TeleSonics\Instrumentation\irtracking\IrMarkerTrackingUwp\IrMarkerTracking\IrMarkerTracking\IrMarkerTracking.h(25,8): message : see declaration of 'std::vector<Eigen::Vector3d,std::allocator<Eigen::Vector3d>>' (compiling source file PoseTracker.cpp)
D:\TeleSonics\Instrumentation\irtracking\IrMarkerTrackingUwp\IrMarkerTracking\IrMarkerTracking\PoseTracker.h(67,11): warning C4251: 'PoseTracker::m_markerDiffs': class 'Eigen::Matrix<double,-1,-1,0,-1,-1>' needs to have dll-interface to be used by clients of class 'PoseTracker' (compiling source file PoseTracker.cpp)
D:\TeleSonics\Instrumentation\irtracking\Deps\Eigen3\include\eigen3\Eigen\src\Core\Matrix.h(503,1): message : see declaration of 'Eigen::Matrix<double,-1,-1,0,-1,-1>' (compiling source file PoseTracker.cpp)
D:\TeleSonics\Instrumentation\irtracking\IrMarkerTrackingUwp\IrMarkerTracking\IrMarkerTracking\PoseTracker.h(70,13): warning C4251: 'PoseTracker::m_poseMutex': class 'std::mutex' needs to have dll-interface to be used by clients of class 'PoseTracker' (compiling source file PoseTracker.cpp)
C:\Program Files\Microsoft Visual Studio\2022\Community\VC\Tools\MSVC\14.37.32822\include\mutex(132,19): message : see declaration of 'std::mutex' (compiling source file PoseTracker.cpp)
D:\TeleSonics\Instrumentation\irtracking\IrMarkerTrackingUwp\IrMarkerTracking\IrMarkerTracking\PoseTracker.h(71,13): warning C4251: 'PoseTracker::m_camMutex': class 'std::mutex' needs to have dll-interface to be used by clients of class 'PoseTracker' (compiling source file PoseTracker.cpp)
C:\Program Files\Microsoft Visual Studio\2022\Community\VC\Tools\MSVC\14.37.32822\include\mutex(132,19): message : see declaration of 'std::mutex' (compiling source file PoseTracker.cpp)
D:\TeleSonics\Instrumentation\irtracking\IrMarkerTrackingUwp\IrMarkerTracking\IrMarkerTracking\PoseTracker.h(75,9): warning C4251: 'PoseTracker::m_objectPose': struct 'PoseTracker::IRPose' needs to have dll-interface to be used by clients of class 'PoseTracker' (compiling source file PoseTracker.cpp)
D:\TeleSonics\Instrumentation\irtracking\IrMarkerTrackingUwp\IrMarkerTracking\IrMarkerTracking\PoseTracker.h(10,9): message : see declaration of 'PoseTracker::IRPose' (compiling source file PoseTracker.cpp)
D:\TeleSonics\Instrumentation\irtracking\IrMarkerTrackingUwp\IrMarkerTracking\IrMarkerTracking\PoseTracker.h(78,46): warning C4251: 'PoseTracker::m_detectionQ': class 'moodycamel::ReaderWriterQueue<PoseTracker::SensorPacket,512>' needs to have dll-interface to be used by clients of class 'PoseTracker' (compiling source file PoseTracker.cpp)
D:\TeleSonics\Instrumentation\irtracking\IrMarkerTrackingUwp\IrMarkerTracking\IrMarkerTracking\PoseTracker.h(78,14): message : see declaration of 'moodycamel::ReaderWriterQueue<PoseTracker::SensorPacket,512>' (compiling source file PoseTracker.cpp)
D:\TeleSonics\Instrumentation\irtracking\IrMarkerTrackingUwp\IrMarkerTracking\IrMarkerTracking\PoseTracker.h(81,31): warning C4251: 'PoseTracker::m_detectionThread': class 'std::shared_ptr<std::thread>' needs to have dll-interface to be used by clients of class 'PoseTracker' (compiling source file PoseTracker.cpp)
D:\TeleSonics\Instrumentation\irtracking\IrMarkerTrackingUwp\IrMarkerTracking\IrMarkerTracking\PoseTracker.h(81,7): message : see declaration of 'std::shared_ptr<std::thread>' (compiling source file PoseTracker.cpp)
D:\TeleSonics\Instrumentation\irtracking\IrMarkerTrackingUwp\IrMarkerTracking\IrMarkerTracking\PoseTracker.h(84,20): warning C4251: 'PoseTracker::m_runDetectionThread': struct 'std::atomic<bool>' needs to have dll-interface to be used by clients of class 'PoseTracker' (compiling source file PoseTracker.cpp)
C:\Program Files\Microsoft Visual Studio\2022\Community\VC\Tools\MSVC\14.37.32822\include\atomic(2761,33): message : see declaration of 'std::atomic<bool>' (compiling source file PoseTracker.cpp)
D:\TeleSonics\Instrumentation\irtracking\IrMarkerTrackingUwp\IrMarkerTracking\IrMarkerTracking\PoseTracker.h(91,20): warning C4251: 'PoseTracker::m_hasNewPose': struct 'std::atomic<bool>' needs to have dll-interface to be used by clients of class 'PoseTracker' (compiling source file PoseTracker.cpp)
C:\Program Files\Microsoft Visual Studio\2022\Community\VC\Tools\MSVC\14.37.32822\include\atomic(2761,33): message : see declaration of 'std::atomic<bool>' (compiling source file PoseTracker.cpp)
D:\TeleSonics\Instrumentation\irtracking\IrMarkerTrackingUwp\IrMarkerTracking\IrMarkerTracking\IrMarkerTracking.cpp(250,50): warning C4244: 'argument': conversion from 'double' to '_Ty', possible loss of data
          with
          [
              _Ty=float
          ]
D:\TeleSonics\Instrumentation\irtracking\IrMarkerTrackingUwp\IrMarkerTracking\IrMarkerTracking\IrMarkerTracking.cpp(316,22): warning C4244: '=': conversion from 'int' to 'float', possible loss of data
D:\TeleSonics\Instrumentation\irtracking\IrMarkerTrackingUwp\IrMarkerTracking\IrMarkerTracking\IrMarkerTracking.cpp(317,22): warning C4244: '=': conversion from 'int' to 'float', possible loss of data
D:\TeleSonics\Instrumentation\irtracking\IrMarkerTrackingUwp\IrMarkerTracking\IrMarkerTracking\PoseTracker.h(104,11): warning C4251: 'PoseTracker::m_roi': class 'Eigen::Matrix<int,4,1,0,4,1>' needs to have dll-interface to be used by clients of class 'PoseTracker' (compiling source file PoseTracker.cpp)
D:\TeleSonics\Instrumentation\irtracking\Deps\Eigen3\include\eigen3\Eigen\src\Core\Matrix.h(501,1): message : see declaration of 'Eigen::Matrix<int,4,1,0,4,1>' (compiling source file PoseTracker.cpp)
D:\TeleSonics\Instrumentation\irtracking\IrMarkerTrackingUwp\IrMarkerTracking\IrMarkerTracking\PoseTracker.h(107,18): warning C4251: 'PoseTracker::m_roiVel': class 'Eigen::Matrix<double,2,1,0,2,1>' needs to have dll-interface to be used by clients of class 'PoseTracker' (compiling source file PoseTracker.cpp)
D:\TeleSonics\Instrumentation\irtracking\Deps\Eigen3\include\eigen3\Eigen\src\Core\Matrix.h(503,1): message : see declaration of 'Eigen::Matrix<double,2,1,0,2,1>' (compiling source file PoseTracker.cpp)
D:\TeleSonics\Instrumentation\irtracking\IrMarkerTrackingUwp\IrMarkerTracking\IrMarkerTracking\PoseTracker.h(111,24): warning C4251: 'PoseTracker::m_lastPoints': class 'std::vector<Eigen::Vector3d,std::allocator<Eigen::Vector3d>>' needs to have dll-interface to be used by clients of class 'PoseTracker' (compiling source file PoseTracker.cpp)
D:\TeleSonics\Instrumentation\irtracking\IrMarkerTrackingUwp\IrMarkerTracking\IrMarkerTracking\IrMarkerTracking.h(25,8): message : see declaration of 'std::vector<Eigen::Vector3d,std::allocator<Eigen::Vector3d>>' (compiling source file PoseTracker.cpp)
D:\TeleSonics\Instrumentation\irtracking\IrMarkerTrackingUwp\IrMarkerTracking\IrMarkerTracking\PoseTracker.h(120,14): warning C4251: 'PoseTracker::m_lastRot': class 'Eigen::Quaternion<double,0>' needs to have dll-interface to be used by clients of class 'PoseTracker' (compiling source file PoseTracker.cpp)
D:\TeleSonics\Instrumentation\irtracking\Deps\Eigen3\include\eigen3\Eigen\src\Geometry\Quaternion.h(373,9): message : see declaration of 'Eigen::Quaternion<double,0>' (compiling source file PoseTracker.cpp)
D:\TeleSonics\Instrumentation\irtracking\IrMarkerTrackingUwp\IrMarkerTracking\IrMarkerTracking\PoseTracker.h(121,11): warning C4251: 'PoseTracker::m_lastPos': class 'Eigen::Matrix<double,3,1,0,3,1>' needs to have dll-interface to be used by clients of class 'PoseTracker' (compiling source file PoseTracker.cpp)
D:\TeleSonics\Instrumentation\irtracking\Deps\Eigen3\include\eigen3\Eigen\src\Core\Matrix.h(503,1): message : see declaration of 'Eigen::Matrix<double,3,1,0,3,1>' (compiling source file PoseTracker.cpp)
D:\TeleSonics\Instrumentation\irtracking\IrMarkerTrackingUwp\IrMarkerTracking\IrMarkerTracking\PoseTracker.h(124,32): warning C4251: 'PoseTracker::m_perm3': class 'std::vector<std::vector<int,std::allocator<int>>,std::allocator<std::vector<int,std::allocator<int>>>>' needs to have dll-interface to be used by clients of class 'PoseTracker' (compiling source file PoseTracker.cpp)
D:\TeleSonics\Instrumentation\irtracking\Deps\opencv\include\opencv2\features2d.hpp(1568,24): message : see declaration of 'std::vector<std::vector<int,std::allocator<int>>,std::allocator<std::vector<int,std::allocator<int>>>>' (compiling source file PoseTracker.cpp)
D:\TeleSonics\Instrumentation\irtracking\IrMarkerTrackingUwp\IrMarkerTracking\IrMarkerTracking\PoseTracker.h(125,32): warning C4251: 'PoseTracker::m_perm4': class 'std::vector<std::vector<int,std::allocator<int>>,std::allocator<std::vector<int,std::allocator<int>>>>' needs to have dll-interface to be used by clients of class 'PoseTracker' (compiling source file PoseTracker.cpp)
D:\TeleSonics\Instrumentation\irtracking\Deps\opencv\include\opencv2\features2d.hpp(1568,24): message : see declaration of 'std::vector<std::vector<int,std::allocator<int>>,std::allocator<std::vector<int,std::allocator<int>>>>' (compiling source file PoseTracker.cpp)
D:\TeleSonics\Instrumentation\irtracking\IrMarkerTrackingUwp\IrMarkerTracking\IrMarkerTracking\PoseTracker.h(126,32): warning C4251: 'PoseTracker::m_perm5': class 'std::vector<std::vector<int,std::allocator<int>>,std::allocator<std::vector<int,std::allocator<int>>>>' needs to have dll-interface to be used by clients of class 'PoseTracker' (compiling source file PoseTracker.cpp)
D:\TeleSonics\Instrumentation\irtracking\Deps\opencv\include\opencv2\features2d.hpp(1568,24): message : see declaration of 'std::vector<std::vector<int,std::allocator<int>>,std::allocator<std::vector<int,std::allocator<int>>>>' (compiling source file PoseTracker.cpp)
D:\TeleSonics\Instrumentation\irtracking\IrMarkerTrackingUwp\IrMarkerTracking\IrMarkerTracking\PoseTracker.h(89,27): warning C4305: 'initializing': truncation from 'double' to 'float' (compiling source file PoseTracker.cpp)
D:\TeleSonics\Instrumentation\irtracking\IrMarkerTrackingUwp\IrMarkerTracking\IrMarkerTracking\PoseTracker.cpp(34,93): warning C4244: '=': conversion from 'double' to 'float', possible loss of data
D:\TeleSonics\Instrumentation\irtracking\IrMarkerTrackingUwp\IrMarkerTracking\IrMarkerTracking\PoseTracker.cpp(102,82): warning C4244: 'argument': conversion from 'double' to 'int', possible loss of data
D:\TeleSonics\Instrumentation\irtracking\IrMarkerTrackingUwp\IrMarkerTracking\IrMarkerTracking\PoseTracker.cpp(102,66): warning C4244: 'argument': conversion from 'double' to 'int', possible loss of data
D:\TeleSonics\Instrumentation\irtracking\IrMarkerTrackingUwp\IrMarkerTracking\IrMarkerTracking\PoseTracker.cpp(102,49): warning C4244: 'argument': conversion from 'double' to 'int', possible loss of data
D:\TeleSonics\Instrumentation\irtracking\IrMarkerTrackingUwp\IrMarkerTracking\IrMarkerTracking\PoseTracker.cpp(102,33): warning C4244: 'argument': conversion from 'double' to 'int', possible loss of data
D:\TeleSonics\Instrumentation\irtracking\IrMarkerTrackingUwp\IrMarkerTracking\IrMarkerTracking\PoseTracker.cpp(182,74): warning C4244: 'argument': conversion from 'double' to 'int', possible loss of data
D:\TeleSonics\Instrumentation\irtracking\IrMarkerTrackingUwp\IrMarkerTracking\IrMarkerTracking\PoseTracker.cpp(182,58): warning C4244: 'argument': conversion from 'double' to 'int', possible loss of data
D:\TeleSonics\Instrumentation\irtracking\IrMarkerTrackingUwp\IrMarkerTracking\IrMarkerTracking\PoseTracker.cpp(182,41): warning C4244: 'argument': conversion from 'double' to 'int', possible loss of data
D:\TeleSonics\Instrumentation\irtracking\IrMarkerTrackingUwp\IrMarkerTracking\IrMarkerTracking\PoseTracker.cpp(182,25): warning C4244: 'argument': conversion from 'double' to 'int', possible loss of data
D:\TeleSonics\Instrumentation\irtracking\IrMarkerTrackingUwp\IrMarkerTracking\IrMarkerTracking\PoseTracker.cpp(300,63): warning C4244: 'argument': conversion from 'double' to 'const float', possible loss of data
D:\TeleSonics\Instrumentation\irtracking\IrMarkerTrackingUwp\IrMarkerTracking\IrMarkerTracking\PoseTracker.cpp(363,71): warning C4244: 'argument': conversion from 'double' to 'int', possible loss of data
D:\TeleSonics\Instrumentation\irtracking\IrMarkerTrackingUwp\IrMarkerTracking\IrMarkerTracking\PoseTracker.cpp(363,53): warning C4244: 'argument': conversion from 'double' to 'int', possible loss of data
D:\TeleSonics\Instrumentation\irtracking\IrMarkerTrackingUwp\IrMarkerTracking\IrMarkerTracking\PoseTracker.cpp(363,35): warning C4244: 'argument': conversion from 'double' to 'int', possible loss of data
D:\TeleSonics\Instrumentation\irtracking\IrMarkerTrackingUwp\IrMarkerTracking\IrMarkerTracking\PoseTracker.cpp(363,17): warning C4244: 'argument': conversion from 'double' to 'int', possible loss of data
     Creating library D:\TeleSonics\Instrumentation\irtracking\IrMarkerTrackingUwp\IrMarkerTracking\ARM\Release\IrMarkerTracking\IrMarkerTracking.lib and object D:\TeleSonics\Instrumentation\irtracking\IrMarkerTrackingUwp\IrMarkerTracking\ARM\Release\IrMarkerTracking\IrMarkerTracking.exp
  Generating code
  Finished generating code
  IrMarkerTracking.vcxproj -> D:\TeleSonics\Instrumentation\irtracking\IrMarkerTrackingUwp\IrMarkerTracking\ARM\Release\IrMarkerTracking\IrMarkerTracking.dll
