d:\telesonics\instrumentation\irtracking\irmarkertrackinguwp\irmarkertracking\irmarkertracking\arm\release\irmarkertracking.pch
d:\telesonics\instrumentation\irtracking\irmarkertrackinguwp\irmarkertracking\irmarkertracking\arm\release\vc143.pdb
d:\telesonics\instrumentation\irtracking\irmarkertrackinguwp\irmarkertracking\irmarkertracking\arm\release\pch.obj
d:\telesonics\instrumentation\irtracking\irmarkertrackinguwp\irmarkertracking\irmarkertracking\arm\release\irmarkertracking.obj
d:\telesonics\instrumentation\irtracking\irmarkertrackinguwp\irmarkertracking\irmarkertracking\arm\release\dllmain.obj
d:\telesonics\instrumentation\irtracking\irmarkertrackinguwp\irmarkertracking\irmarkertracking\arm\release\posetracker.obj
d:\telesonics\instrumentation\irtracking\irmarkertrackinguwp\irmarkertracking\irmarkertracking\arm\release\priconfig.xml
d:\telesonics\instrumentation\irtracking\irmarkertrackinguwp\irmarkertracking\irmarkertracking\arm\release\priconfig.xml.intermediate
d:\telesonics\instrumentation\irtracking\irmarkertrackinguwp\irmarkertracking\irmarkertracking\arm\release\unfiltered.layout.resfiles
d:\telesonics\instrumentation\irtracking\irmarkertrackinguwp\irmarkertracking\irmarkertracking\arm\release\unfiltered.layout.resfiles.intermediate
d:\telesonics\instrumentation\irtracking\irmarkertrackinguwp\irmarkertracking\irmarkertracking\arm\release\filtered.layout.resfiles
d:\telesonics\instrumentation\irtracking\irmarkertrackinguwp\irmarkertracking\irmarkertracking\arm\release\filtered.layout.resfiles.intermediate
d:\telesonics\instrumentation\irtracking\irmarkertrackinguwp\irmarkertracking\irmarkertracking\arm\release\excluded.layout.resfiles
d:\telesonics\instrumentation\irtracking\irmarkertrackinguwp\irmarkertracking\irmarkertracking\arm\release\excluded.layout.resfiles.intermediate
d:\telesonics\instrumentation\irtracking\irmarkertrackinguwp\irmarkertracking\irmarkertracking\arm\release\resources.resfiles
d:\telesonics\instrumentation\irtracking\irmarkertrackinguwp\irmarkertracking\irmarkertracking\arm\release\resources.resfiles.intermediate
d:\telesonics\instrumentation\irtracking\irmarkertrackinguwp\irmarkertracking\irmarkertracking\arm\release\pri.resfiles
d:\telesonics\instrumentation\irtracking\irmarkertrackinguwp\irmarkertracking\irmarkertracking\arm\release\pri.resfiles.intermediate
d:\telesonics\instrumentation\irtracking\irmarkertrackinguwp\irmarkertracking\arm\release\irmarkertracking\irmarkertracking.pri
d:\telesonics\instrumentation\irtracking\irmarkertrackinguwp\irmarkertracking\irmarkertracking\arm\release\qualifiers.txt
d:\telesonics\instrumentation\irtracking\irmarkertrackinguwp\irmarkertracking\irmarkertracking\arm\release\qualifiers.txt.intermediate
d:\telesonics\instrumentation\irtracking\irmarkertrackinguwp\irmarkertracking\irmarkertracking\arm\release\multiplequalifiersperdimensionfound.txt
d:\telesonics\instrumentation\irtracking\irmarkertrackinguwp\irmarkertracking\arm\release\irmarkertracking\irmarkertracking.lib
d:\telesonics\instrumentation\irtracking\irmarkertrackinguwp\irmarkertracking\arm\release\irmarkertracking\irmarkertracking.exp
d:\telesonics\instrumentation\irtracking\irmarkertrackinguwp\irmarkertracking\arm\release\irmarkertracking\irmarkertracking.dll
d:\telesonics\instrumentation\irtracking\irmarkertrackinguwp\irmarkertracking\irmarkertracking\arm\release\irmarkertracking.iobj
d:\telesonics\instrumentation\irtracking\irmarkertrackinguwp\irmarkertracking\arm\release\irmarkertracking\irmarkertracking.pdb
d:\telesonics\instrumentation\irtracking\irmarkertrackinguwp\irmarkertracking\irmarkertracking\arm\release\irmarkertracking.tlog\cl.command.1.tlog
d:\telesonics\instrumentation\irtracking\irmarkertrackinguwp\irmarkertracking\irmarkertracking\arm\release\irmarkertracking.tlog\cl.items.tlog
d:\telesonics\instrumentation\irtracking\irmarkertrackinguwp\irmarkertracking\irmarkertracking\arm\release\irmarkertracking.tlog\cl.read.1.tlog
d:\telesonics\instrumentation\irtracking\irmarkertrackinguwp\irmarkertracking\irmarkertracking\arm\release\irmarkertracking.tlog\cl.write.1.tlog
d:\telesonics\instrumentation\irtracking\irmarkertrackinguwp\irmarkertracking\irmarkertracking\arm\release\irmarkertracking.tlog\irmarkertracking.read.1u.tlog
d:\telesonics\instrumentation\irtracking\irmarkertrackinguwp\irmarkertracking\irmarkertracking\arm\release\irmarkertracking.tlog\irmarkertracking.write.1u.tlog
d:\telesonics\instrumentation\irtracking\irmarkertrackinguwp\irmarkertracking\irmarkertracking\arm\release\irmarkertracking.tlog\link.command.1.tlog
d:\telesonics\instrumentation\irtracking\irmarkertrackinguwp\irmarkertracking\irmarkertracking\arm\release\irmarkertracking.tlog\link.read.1.tlog
d:\telesonics\instrumentation\irtracking\irmarkertrackinguwp\irmarkertracking\irmarkertracking\arm\release\irmarkertracking.tlog\link.write.1.tlog
d:\telesonics\instrumentation\irtracking\irmarkertrackinguwp\irmarkertracking\irmarkertracking\arm\release\irmarkertracking.tlog\link.write.2u.tlog
